{"level":"info","message":"dhfhd","service":"user-service"}
{"level":"info","message":"Server is running on http://localhost:3000","service":"user-service"}
{"level":"info","message":"Server is running on {{url}}","service":"user-service"}
{"level":"info","message":"Server is running on http://localhost:3000","service":"user-service"}
{"level":"info","message":"Server is running on http://localhost:3000","service":"user-service"}
undefined
undefined
[[object Object]] undefined: undefined
[2025-10-20 12:08:12] info: Server is running on http://localhost:3000
[2025-10-20 12:08:29] [32minfo[39m: Server is running on http://localhost:3000
[2025-10-20 12:09:30] [32minfo[39m: Server is running on http://localhost:3000
[2025-10-20 12:09:33] [32minfo[39m: Server is running on http://localhost:3000
[2025-10-20 12:10:01] [32minfo[39m: Server is running on http://localhost:3000
[2025-10-20 12:10:23] [32minfo[39m: Server is running on http://localhost:3000
[2025-10-20 12:12:28] [32minfo[39m: Server is running on http://localhost:3000
[2025-10-20 12:14:43] [32minfo[39m: Server is running on http://localhost:3000
[2025-10-20 12:17:35] [32minfo[39m: Server is running on http://localhost:3000
[2025-10-20 12:20:19] [32minfo[39m: Server is running on http://localhost:3000
[2025-10-20 12:20:20] [32minfo[39m: Server is running on http://localhost:3000
[2025-10-20 12:21:19] [32minfo[39m: Server is running on http://localhost:3000
[2025-10-20 12:24:06] [32minfo[39m: Server is running on http://localhost:3000
[2025-10-20 12:26:13] [32minfo[39m: Server is running on http://localhost:3000
[2025-10-20 12:26:22] [32minfo[39m: [GET /categories] -> [object Object],[object Object],[object Object]
[2025-10-20 12:26:52] [32minfo[39m: Server is running on http://localhost:3000
[2025-10-20 12:27:04] [32minfo[39m: Server is running on http://localhost:3000
[2025-10-20 12:27:08] [32minfo[39m: [GET /categories] -> 3 rekord küldves
[2025-10-20 12:27:42] [32minfo[39m: Server is running on http://localhost:3000
[2025-10-21 08:06:08] [32minfo[39m: Server is running on http://localhost:3000
[2025-10-21 08:06:21] [32minfo[39m: [GET /categories] -> 3 rekord küldves
[2025-10-21 08:08:48] [32minfo[39m: [GET /categories] -> 3 rekord küldves
[2025-10-21 08:08:54] [32minfo[39m: [GET /categories] -> 3 rekord küldves
[2025-10-21 08:08:57] [32minfo[39m: [GET /categories] -> 3 rekord küldves
[2025-10-21 08:08:58] [32minfo[39m: [GET /categories] -> 3 rekord küldves
[2025-10-21 08:08:59] [32minfo[39m: [GET /categories] -> 3 rekord küldves
[2025-10-21 08:09:00] [32minfo[39m: [GET /categories] -> 3 rekord küldves
[2025-10-21 08:09:01] [32minfo[39m: [GET /categories] -> 3 rekord küldves
[2025-10-21 08:28:36] [32minfo[39m: [GET /categories] -> 3 rekord küldves
[2025-10-21 08:29:07] [32minfo[39m: [GET /categories] -> 3 rekord küldves
[2025-10-21 09:01:24] [32minfo[39m: Server is running on http://localhost:3000
[2025-10-21 09:08:58] [32minfo[39m: Server is running on http://localhost:3000
[2025-10-21 09:12:47] [32minfo[39m: Server is running on http://localhost:3000
[2025-10-21 09:38:30] [32minfo[39m: Server is running on http://localhost:3000
[2025-10-21 09:38:34] [32minfo[39m: Server is running on http://localhost:3000
[2025-10-21 09:57:07] [32minfo[39m: Server is running on http://localhost:3000
[2025-10-21 10:03:13] [32minfo[39m: Server is running on http://localhost:3000
[2025-10-21 10:04:20] [32minfo[39m: Server is running on http://localhost:3000
[2025-10-21 10:07:30] [32minfo[39m: Server is running on http://localhost:3000
[2025-10-21 10:10:02] [32minfo[39m: Server is running on http://localhost:3000
[2025-10-21 10:10:34] [32minfo[39m: Server is running on http://localhost:3000
[2025-10-21 10:20:41] [32minfo[39m: Server is running on http://localhost:3000
[2025-10-21 10:24:31] [32minfo[39m: Server is running on http://localhost:3000
[2025-10-21 10:25:06] [32minfo[39m: Server is running on http://localhost:3000
[2025-10-21 10:25:52] [32minfo[39m: Server is running on http://localhost:3000
[2025-10-21 10:27:36] [32minfo[39m: Server is running on http://localhost:3000
[2025-10-21 10:59:38] [32minfo[39m: Server is running on http://localhost:3000
[2025-10-21 11:02:10] [32minfo[39m: Server is running on http://localhost:3000
[2025-10-21 11:02:11] [32minfo[39m: Server is running on http://localhost:3000
[2025-10-21 11:02:25] [32minfo[39m: Server is running on http://localhost:3000
[2025-10-21 11:03:23] [32minfo[39m: Server is running on http://localhost:3000
[2025-10-21 11:03:26] [32minfo[39m: Server is running on http://localhost:3000
[2025-10-21 11:04:07] [32minfo[39m: Server is running on http://localhost:3000
[2025-10-21 11:04:32] [32minfo[39m: Server is running on http://localhost:3000
[2025-10-21 11:05:51] [32minfo[39m: Server is running on http://localhost:3000
[2025-10-21 11:06:00] [32minfo[39m: Server is running on http://localhost:3000
[2025-10-21 11:06:19] [32minfo[39m: Server is running on http://localhost:3000
[2025-10-21 11:08:55] [32minfo[39m: Server is running on http://localhost:3000
[2025-10-21 11:09:02] [32minfo[39m: Server is running on http://localhost:3000
[2025-10-21 11:09:16] [32minfo[39m: Server is running on http://localhost:3000
[2025-10-21 11:10:07] [32minfo[39m: Server is running on http://localhost:3000
[2025-10-21 11:13:56] [32minfo[39m: Server is running on http://localhost:3000
[2025-10-21 11:15:33] [32minfo[39m: Server is running on http://localhost:3000
[2025-10-21 11:15:51] [32minfo[39m: Server is running on http://localhost:3000
[2025-10-21 11:16:40] [32minfo[39m: Server is running on http://localhost:3000
[2025-10-21 11:19:12] [32minfo[39m: Server is running on http://localhost:3000
[2025-10-21 11:20:01] [32minfo[39m: Server is running on http://localhost:3000
[2025-10-21 11:21:01] [32minfo[39m: Server is running on http://localhost:3000
[2025-10-21 11:21:33] [32minfo[39m: Server is running on http://localhost:3000
[2025-10-21 11:24:09] [32minfo[39m: Server is running on http://localhost:3000
[2025-10-21 11:24:38] [32minfo[39m: Server is running on http://localhost:3000
[2025-10-21 11:24:40] [32minfo[39m: ?? - 3 record(s) fortnited
[2025-10-21 11:24:49] [32minfo[39m: Server is running on http://localhost:3000
[2025-10-21 11:30:18] [32minfo[39m: ?? - 3 record(s) fortnited
[2025-10-21 11:30:31] [32minfo[39m: Server is running on http://localhost:3000
[2025-10-21 11:32:02] [32minfo[39m: Server is running on http://localhost:3000
[2025-10-21 11:32:23] [32minfo[39m: Server is running on http://localhost:3000
[2025-10-21 11:32:34] [32minfo[39m: Server is running on http://localhost:3000
[2025-10-21 11:32:36] [32minfo[39m: Server is running on http://localhost:3000
[2025-10-21 11:34:20] [32minfo[39m: Server is running on http://localhost:3000
[2025-10-21 11:35:17] [32minfo[39m: Server is running on http://localhost:3000
[2025-10-21 11:36:14] [32minfo[39m: Server is running on http://localhost:3000
[2025-10-21 11:48:16] [32minfo[39m: NO CONTEXT - 1 record(s) fortnited | Tue Oct 21 2025 11:48:16 GMT+0200 (közép-európai nyári idő) ms
[2025-10-21 11:48:18] [32minfo[39m: NO CONTEXT - 3 record(s) fortnited | Tue Oct 21 2025 11:48:18 GMT+0200 (közép-európai nyári idő) ms
[2025-10-21 11:48:31] [32minfo[39m: NO CONTEXT - 3 record(s) fortnited | Tue Oct 21 2025 11:48:31 GMT+0200 (közép-európai nyári idő) ms
[2025-10-21 11:48:50] [32minfo[39m: Server is running on http://localhost:3000
[2025-10-21 11:48:53] [32minfo[39m: Server is running on http://localhost:3000
[2025-10-21 11:49:34] [32minfo[39m: Server is running on http://localhost:3000
[2025-10-21 11:49:37] [32minfo[39m: GET /categories - 3 record(s) fortnited | Tue Oct 21 2025 11:49:37 GMT+0200 (közép-európai nyári idő) ms
[2025-10-21 11:50:18] [32minfo[39m: Server is running on http://localhost:3000
[2025-10-21 11:50:19] [31merror[39m: [DB Error]: ER_NO_SUCH_TABLE: Table '2025_katicabufe.kategforia' doesn't exist
[2025-10-21 11:50:24] [32minfo[39m: Server is running on http://localhost:3000
[2025-10-21 11:52:31] [32minfo[39m: Server is running on http://localhost:3000
[2025-10-21 11:52:52] [32minfo[39m: Server is running on http://localhost:3000
[2025-10-21 11:53:04] [32minfo[39m: Server is running on http://localhost:3000
[2025-10-21 11:53:17] [32minfo[39m: Server is running on http://localhost:3000
[2025-10-21 11:57:48] [32minfo[39m: Server is running on http://localhost:3000
[2025-10-21 11:57:52] [32minfo[39m: Server is running on http://localhost:3000
[2025-10-21 11:59:31] [32minfo[39m: Server is running on http://localhost:3000
[2025-10-21 12:02:14] [32minfo[39m: Server is running on http://localhost:3000
[2025-10-21 12:02:15] [32minfo[39m: Server is running on http://localhost:3000
[2025-10-21 12:03:08] [32minfo[39m: GET /categories - 3 record(s) added/changed | 18 ms
[2025-10-21 12:06:13] [32minfo[39m: Server is running on http://localhost:3000
[2025-10-21 12:06:15] [32minfo[39m: GET /categories - 3 record(s) added/changed | 18 ms
[2025-10-21 12:06:48] [32minfo[39m: GET /categories - 3 record(s) added/changed | 1 ms
[2025-10-21 12:06:49] [32minfo[39m: GET /categories - 3 record(s) added/changed | 1 ms
[2025-10-21 12:07:22] [32minfo[39m: Server is running on http://localhost:3000
[2025-10-21 12:07:47] [32minfo[39m: Server is running on http://localhost:3000
[2025-10-21 12:07:54] [32minfo[39m: GET /traffic - 16 record(s) added/changed | 17 ms
[2025-10-21 12:10:33] [32minfo[39m: Server is running on http://localhost:3000
